This is pdfTeX, Version 3.14159265-2.6-1.40.21 (TeX Live 2020/W32TeX) (preloaded format=pdflatex 2020.6.27)  2 JAN 2021 13:55
entering extended mode
 restricted \write18 enabled.
 file:line:error style messages enabled.
 %&-line parsing enabled.
**"c:/Users/giuse/Desktop/Progetto BI/Progetto/Relazione/Relazione.tex"
(c:/Users/giuse/Desktop/Progetto BI/Progetto/Relazione/Relazione.tex
LaTeX2e <2020-02-02> patch level 5
L3 programming layer <2020-06-18> (c:/texlive/2020/texmf-dist/tex/latex/base/article.cls
Document Class: article 2019/12/20 v1.4l Standard LaTeX document class
(c:/texlive/2020/texmf-dist/tex/latex/base/size12.clo
File: size12.clo 2019/12/20 v1.4l Standard LaTeX file (size option)
)
\c@part=\count167
\c@section=\count168
\c@subsection=\count169
\c@subsubsection=\count170
\c@paragraph=\count171
\c@subparagraph=\count172
\c@figure=\count173
\c@table=\count174
\abovecaptionskip=\skip47
\belowcaptionskip=\skip48
\bibindent=\dimen134
) (c:/texlive/2020/texmf-dist/tex/generic/babel/babel.sty
Package: babel 2020/06/10 3.45 The Babel package
 (c:/texlive/2020/texmf-dist/tex/generic/babel/babel.def
File: babel.def 2020/06/10 3.45 Babel common definitions
\babel@savecnt=\count175
\U@D=\dimen135
\l@babelnohyphens=\language86
 (c:/texlive/2020/texmf-dist/tex/generic/babel/txtbabel.def)
\bbl@readstream=\read2
)
\bbl@dirlevel=\count176
 (c:/texlive/2020/texmf-dist/tex/generic/babel-italian/italian.ldf
Language: italian 2020/05/21 v.1.4.04 Italian support for the babel system
\it@lettering=\count177
\it@doublequoteactive=\count178
\it@ISOcompliance=\count179
)) (c:/texlive/2020/texmf-dist/tex/latex/etoolbox/etoolbox.sty
Package: etoolbox 2019/09/21 v2.5h e-TeX tools for LaTeX (JAW)
\etb@tempcnta=\count180
) (c:/texlive/2020/texmf-dist/tex/latex/graphics/graphicx.sty
Package: graphicx 2019/11/30 v1.2a Enhanced LaTeX Graphics (DPC,SPQR)
 (c:/texlive/2020/texmf-dist/tex/latex/graphics/keyval.sty
Package: keyval 2014/10/28 v1.15 key=value parser (DPC)
\KV@toks@=\toks15
) (c:/texlive/2020/texmf-dist/tex/latex/graphics/graphics.sty
Package: graphics 2019/11/30 v1.4a Standard LaTeX Graphics (DPC,SPQR)
 (c:/texlive/2020/texmf-dist/tex/latex/graphics/trig.sty
Package: trig 2016/01/03 v1.10 sin cos tan (DPC)
) (c:/texlive/2020/texmf-dist/tex/latex/graphics-cfg/graphics.cfg
File: graphics.cfg 2016/06/04 v1.11 sample graphics configuration
)
Package graphics Info: Driver file: pdftex.def on input line 105.
 (c:/texlive/2020/texmf-dist/tex/latex/graphics-def/pdftex.def
File: pdftex.def 2018/01/08 v1.0l Graphics/color driver for pdftex
))
\Gin@req@height=\dimen136
\Gin@req@width=\dimen137
) (c:/texlive/2020/texmf-dist/tex/latex/placeins/placeins.sty
Package: placeins 2005/04/18  v 2.2
) (c:/texlive/2020/texmf-dist/tex/latex/amsmath/amsmath.sty
Package: amsmath 2020/01/20 v2.17e AMS math features
\@mathmargin=\skip49

For additional information on amsmath, use the `?' option.
(c:/texlive/2020/texmf-dist/tex/latex/amsmath/amstext.sty
Package: amstext 2000/06/29 v2.01 AMS text
 (c:/texlive/2020/texmf-dist/tex/latex/amsmath/amsgen.sty
File: amsgen.sty 1999/11/30 v2.0 generic functions
\@emptytoks=\toks16
\ex@=\dimen138
)) (c:/texlive/2020/texmf-dist/tex/latex/amsmath/amsbsy.sty
Package: amsbsy 1999/11/29 v1.2d Bold Symbols
\pmbraise@=\dimen139
) (c:/texlive/2020/texmf-dist/tex/latex/amsmath/amsopn.sty
Package: amsopn 2016/03/08 v2.02 operator names
)
\inf@bad=\count181
LaTeX Info: Redefining \frac on input line 227.
\uproot@=\count182
\leftroot@=\count183
LaTeX Info: Redefining \overline on input line 389.
\classnum@=\count184
\DOTSCASE@=\count185
LaTeX Info: Redefining \ldots on input line 486.
LaTeX Info: Redefining \dots on input line 489.
LaTeX Info: Redefining \cdots on input line 610.
\Mathstrutbox@=\box45
\strutbox@=\box46
\big@size=\dimen140
LaTeX Font Info:    Redeclaring font encoding OML on input line 733.
LaTeX Font Info:    Redeclaring font encoding OMS on input line 734.
\macc@depth=\count186
\c@MaxMatrixCols=\count187
\dotsspace@=\muskip16
\c@parentequation=\count188
\dspbrk@lvl=\count189
\tag@help=\toks17
\row@=\count190
\column@=\count191
\maxfields@=\count192
\andhelp@=\toks18
\eqnshift@=\dimen141
\alignsep@=\dimen142
\tagshift@=\dimen143
\tagwidth@=\dimen144
\totwidth@=\dimen145
\lineht@=\dimen146
\@envbody=\toks19
\multlinegap=\skip50
\multlinetaggap=\skip51
\mathdisplay@stack=\toks20
LaTeX Info: Redefining \[ on input line 2859.
LaTeX Info: Redefining \] on input line 2860.
) (c:/texlive/2020/texmf-dist/tex/latex/enumitem/enumitem.sty
Package: enumitem 2019/06/20 v3.9 Customized lists
\labelindent=\skip52
\enit@outerparindent=\dimen147
\enit@toks=\toks21
\enit@inbox=\box47
\enit@count@id=\count193
\enitdp@description=\count194
) (c:/texlive/2020/texmf-dist/tex/latex/hyperref/hyperref.sty
Package: hyperref 2020-05-15 v7.00e Hypertext links for LaTeX
 (c:/texlive/2020/texmf-dist/tex/generic/ltxcmds/ltxcmds.sty
Package: ltxcmds 2019/12/15 v1.24 LaTeX kernel commands for general use (HO)
) (c:/texlive/2020/texmf-dist/tex/generic/iftex/iftex.sty
Package: iftex 2020/03/06 v1.0d TeX engine tests
) (c:/texlive/2020/texmf-dist/tex/latex/pdftexcmds/pdftexcmds.sty
Package: pdftexcmds 2020-06-04 v0.32 Utility functions of pdfTeX for LuaTeX (HO)
 (c:/texlive/2020/texmf-dist/tex/generic/infwarerr/infwarerr.sty
Package: infwarerr 2019/12/03 v1.5 Providing info/warning/error messages (HO)
)
Package pdftexcmds Info: \pdf@primitive is available.
Package pdftexcmds Info: \pdf@ifprimitive is available.
Package pdftexcmds Info: \pdfdraftmode found.
) (c:/texlive/2020/texmf-dist/tex/generic/kvsetkeys/kvsetkeys.sty
Package: kvsetkeys 2019/12/15 v1.18 Key value parser (HO)
) (c:/texlive/2020/texmf-dist/tex/generic/kvdefinekeys/kvdefinekeys.sty
Package: kvdefinekeys 2019-12-19 v1.6 Define keys (HO)
) (c:/texlive/2020/texmf-dist/tex/generic/pdfescape/pdfescape.sty
Package: pdfescape 2019/12/09 v1.15 Implements pdfTeX's escape features (HO)
) (c:/texlive/2020/texmf-dist/tex/latex/hycolor/hycolor.sty
Package: hycolor 2020-01-27 v1.10 Color options for hyperref/bookmark (HO)
) (c:/texlive/2020/texmf-dist/tex/latex/letltxmacro/letltxmacro.sty
Package: letltxmacro 2019/12/03 v1.6 Let assignment for LaTeX macros (HO)
) (c:/texlive/2020/texmf-dist/tex/latex/auxhook/auxhook.sty
Package: auxhook 2019-12-17 v1.6 Hooks for auxiliary files (HO)
) (c:/texlive/2020/texmf-dist/tex/latex/kvoptions/kvoptions.sty
Package: kvoptions 2019/11/29 v3.13 Key value format for package options (HO)
)
\@linkdim=\dimen148
\Hy@linkcounter=\count195
\Hy@pagecounter=\count196
 (c:/texlive/2020/texmf-dist/tex/latex/hyperref/pd1enc.def
File: pd1enc.def 2020-05-15 v7.00e Hyperref: PDFDocEncoding definition (HO)
Now handling font encoding PD1 ...
... no UTF-8 mapping file for font encoding PD1
) (c:/texlive/2020/texmf-dist/tex/generic/intcalc/intcalc.sty
Package: intcalc 2019/12/15 v1.3 Expandable calculations with integers (HO)
) (c:/texlive/2020/texmf-dist/tex/generic/etexcmds/etexcmds.sty
Package: etexcmds 2019/12/15 v1.7 Avoid name clashes with e-TeX commands (HO)
)
\Hy@SavedSpaceFactor=\count197
Package hyperref Info: Hyper figures OFF on input line 4464.
Package hyperref Info: Link nesting OFF on input line 4469.
Package hyperref Info: Hyper index ON on input line 4472.
Package hyperref Info: Plain pages OFF on input line 4479.
Package hyperref Info: Backreferencing OFF on input line 4484.
Package hyperref Info: Implicit mode ON; LaTeX internals redefined.
Package hyperref Info: Bookmarks ON on input line 4717.
\c@Hy@tempcnt=\count198
 (c:/texlive/2020/texmf-dist/tex/latex/url/url.sty
\Urlmuskip=\muskip17
Package: url 2013/09/16  ver 3.4  Verb mode for urls, etc.
)
LaTeX Info: Redefining \url on input line 5076.
\XeTeXLinkMargin=\dimen149
 (c:/texlive/2020/texmf-dist/tex/generic/bitset/bitset.sty
Package: bitset 2019/12/09 v1.3 Handle bit-vector datatype (HO)
 (c:/texlive/2020/texmf-dist/tex/generic/bigintcalc/bigintcalc.sty
Package: bigintcalc 2019/12/15 v1.5 Expandable calculations on big integers (HO)
))
\Fld@menulength=\count199
\Field@Width=\dimen150
\Fld@charsize=\dimen151
Package hyperref Info: Hyper figures OFF on input line 6347.
Package hyperref Info: Link nesting OFF on input line 6352.
Package hyperref Info: Hyper index ON on input line 6355.
Package hyperref Info: backreferencing OFF on input line 6362.
Package hyperref Info: Link coloring OFF on input line 6367.
Package hyperref Info: Link coloring with OCG OFF on input line 6372.
Package hyperref Info: PDF/A mode OFF on input line 6377.
LaTeX Info: Redefining \ref on input line 6417.
LaTeX Info: Redefining \pageref on input line 6421.
 (c:/texlive/2020/texmf-dist/tex/generic/atbegshi/atbegshi.sty
Package: atbegshi 2019/12/05 v1.19 At begin shipout hook (HO)
)
\Hy@abspage=\count266
\c@Item=\count267
\c@Hfootnote=\count268
)
Package hyperref Info: Driver (autodetected): hpdftex.
 (c:/texlive/2020/texmf-dist/tex/latex/hyperref/hpdftex.def
File: hpdftex.def 2020-05-15 v7.00e Hyperref driver for pdfTeX
 (c:/texlive/2020/texmf-dist/tex/latex/atveryend/atveryend.sty
Package: atveryend 2019-12-11 v1.11 Hooks at the very end of document (HO)
)
\Fld@listcount=\count269
\c@bookmark@seq@number=\count270
 (c:/texlive/2020/texmf-dist/tex/latex/rerunfilecheck/rerunfilecheck.sty
Package: rerunfilecheck 2019/12/05 v1.9 Rerun checks for auxiliary files (HO)
 (c:/texlive/2020/texmf-dist/tex/generic/uniquecounter/uniquecounter.sty
Package: uniquecounter 2019/12/15 v1.4 Provide unlimited unique counter (HO)
)
Package uniquecounter Info: New unique counter `rerunfilecheck' on input line 286.
)
\Hy@SectionHShift=\skip53
) (c:/texlive/2020/texmf-dist/tex/latex/l3backend/l3backend-pdfmode.def
File: l3backend-pdfmode.def 2020-06-23 L3 backend support: PDF mode
\l__kernel_color_stack_int=\count271
\l__pdf_internal_box=\box48
) (c:/Users/giuse/Desktop/Progetto BI/Progetto/Relazione/Relazione.aux)
\openout1 = `Relazione.aux'.

LaTeX Font Info:    Checking defaults for OML/cmm/m/it on input line 15.
LaTeX Font Info:    ... okay on input line 15.
LaTeX Font Info:    Checking defaults for OMS/cmsy/m/n on input line 15.
LaTeX Font Info:    ... okay on input line 15.
LaTeX Font Info:    Checking defaults for OT1/cmr/m/n on input line 15.
LaTeX Font Info:    ... okay on input line 15.
LaTeX Font Info:    Checking defaults for T1/cmr/m/n on input line 15.
LaTeX Font Info:    ... okay on input line 15.
LaTeX Font Info:    Checking defaults for TS1/cmr/m/n on input line 15.
LaTeX Font Info:    ... okay on input line 15.
LaTeX Font Info:    Checking defaults for OMX/cmex/m/n on input line 15.
LaTeX Font Info:    ... okay on input line 15.
LaTeX Font Info:    Checking defaults for U/cmr/m/n on input line 15.
LaTeX Font Info:    ... okay on input line 15.
LaTeX Font Info:    Checking defaults for PD1/pdf/m/n on input line 15.
LaTeX Font Info:    ... okay on input line 15.
LaTeX Info: Redefining \it@ocap on input line 15.
LaTeX Info: Redefining \it@ccap on input line 15.


File italian.ldf warning: 
italian.ldf    With OT1 encoding guillemets are poorly faked
italian.ldf    Use T1 encoding
italian.ldf    or specify a font with command \CaporaliFrom
italian.ldf    See the documentation concerning the babel-italian typesetting 
italian.ldf    on input line 15.

(c:/texlive/2020/texmf-dist/tex/context/base/mkii/supp-pdf.mkii
[Loading MPS to PDF converter (version 2006.09.02).]
\scratchcounter=\count272
\scratchdimen=\dimen152
\scratchbox=\box49
\nofMPsegments=\count273
\nofMParguments=\count274
\everyMPshowfont=\toks22
\MPscratchCnt=\count275
\MPscratchDim=\dimen153
\MPnumerator=\count276
\makeMPintoPDFobject=\count277
\everyMPtoPDFconversion=\toks23
) (c:/texlive/2020/texmf-dist/tex/latex/epstopdf-pkg/epstopdf-base.sty
Package: epstopdf-base 2020-01-24 v2.11 Base part for package epstopdf
Package epstopdf-base Info: Redefining graphics rule for `.eps' on input line 485.
 (c:/texlive/2020/texmf-dist/tex/latex/latexconfig/epstopdf-sys.cfg
File: epstopdf-sys.cfg 2010/07/13 v1.3 Configuration of (r)epstopdf for TeX Live
))
\AtBeginShipoutBox=\box50
Package hyperref Info: Link coloring OFF on input line 15.
 (c:/texlive/2020/texmf-dist/tex/latex/hyperref/nameref.sty
Package: nameref 2019/09/16 v2.46 Cross-referencing by name of section
 (c:/texlive/2020/texmf-dist/tex/latex/refcount/refcount.sty
Package: refcount 2019/12/15 v3.6 Data extraction from label references (HO)
) (c:/texlive/2020/texmf-dist/tex/generic/gettitlestring/gettitlestring.sty
Package: gettitlestring 2019/12/15 v1.6 Cleanup title references (HO)
)
\c@section@level=\count278
)
LaTeX Info: Redefining \ref on input line 15.
LaTeX Info: Redefining \pageref on input line 15.
LaTeX Info: Redefining \nameref on input line 15.
 (c:/Users/giuse/Desktop/Progetto BI/Progetto/Relazione/Relazione.out) (c:/Users/giuse/Desktop/Progetto BI/Progetto/Relazione/Relazione.out)
\@outlinefile=\write3
\openout3 = `Relazione.out'.

 [1

{c:/texlive/2020/texmf-var/fonts/map/pdftex/updmap/pdftex.map}] (c:/Users/giuse/Desktop/Progetto BI/Progetto/Relazione/Relazione.toc)
\tf@toc=\write4
\openout4 = `Relazione.toc'.

 [2]
<immagini/eni_ten_news.png, id=167, 566.115pt x 474.27188pt>
File: immagini/eni_ten_news.png Graphic file (type png)
<use immagini/eni_ten_news.png>
Package pdftex.def Info: immagini/eni_ten_news.png  used on input line 37.
(pdftex.def)             Requested size: 312.00119pt x 261.3931pt.
 [3]
<immagini/exor.png, id=178, 465.99094pt x 380.17032pt>
File: immagini/exor.png Graphic file (type png)
<use immagini/exor.png>
Package pdftex.def Info: immagini/exor.png  used on input line 46.
(pdftex.def)             Requested size: 312.00119pt x 254.55035pt.
 [4 <c:/Users/giuse/Desktop/Progetto BI/Progetto/Relazione/immagini/eni_ten_news.png>]
<immagini/dia.png, id=188, 502.12593pt x 382.42876pt>
File: immagini/dia.png Graphic file (type png)
<use immagini/dia.png>
Package pdftex.def Info: immagini/dia.png  used on input line 54.
(pdftex.def)             Requested size: 312.00119pt x 237.64023pt.
 [5 <c:/Users/giuse/Desktop/Progetto BI/Progetto/Relazione/immagini/exor.png>]
<immagini/riepilogo.png, id=197, 707.64375pt x 96.36pt>
File: immagini/riepilogo.png Graphic file (type png)
<use immagini/riepilogo.png>
Package pdftex.def Info: immagini/riepilogo.png  used on input line 61.
(pdftex.def)             Requested size: 390.0pt x 53.10695pt.
 [6 <c:/Users/giuse/Desktop/Progetto BI/Progetto/Relazione/immagini/dia.png> <c:/Users/giuse/Desktop/Progetto BI/Progetto/Relazione/immagini/riepilogo.png>]
<immagini/allgraphs.png, id=206, 885.3075pt x 668.4975pt>
File: immagini/allgraphs.png Graphic file (type png)
<use immagini/allgraphs.png>
Package pdftex.def Info: immagini/allgraphs.png  used on input line 70.
(pdftex.def)             Requested size: 390.0pt x 294.49683pt.
 [7 <c:/Users/giuse/Desktop/Progetto BI/Progetto/Relazione/immagini/allgraphs.png>]
<immagini/ccrdaily.png, id=215, 663.98062pt x 523.20468pt>
File: immagini/ccrdaily.png Graphic file (type png)
<use immagini/ccrdaily.png>
Package pdftex.def Info: immagini/ccrdaily.png  used on input line 82.
(pdftex.def)             Requested size: 390.0pt x 307.31493pt.
 [8 <c:/Users/giuse/Desktop/Progetto BI/Progetto/Relazione/immagini/ccrdaily.png>]
<immagini/ccrweekly.png, id=222, 663.98062pt x 523.20468pt>
File: immagini/ccrweekly.png Graphic file (type png)
<use immagini/ccrweekly.png>
Package pdftex.def Info: immagini/ccrweekly.png  used on input line 90.
(pdftex.def)             Requested size: 390.0pt x 307.31493pt.
 [9 <c:/Users/giuse/Desktop/Progetto BI/Progetto/Relazione/immagini/ccrweekly.png>]
<immagini/CCRm.png, id=229, 884.55469pt x 666.23906pt>
File: immagini/CCRm.png Graphic file (type png)
<use immagini/CCRm.png>
Package pdftex.def Info: immagini/CCRm.png  used on input line 98.
(pdftex.def)             Requested size: 390.0pt x 293.74588pt.
 [10 <c:/Users/giuse/Desktop/Progetto BI/Progetto/Relazione/immagini/CCRm.png>]
<immagini/setOil.png, id=236, 545.03625pt x 435.12563pt>
File: immagini/setOil.png Graphic file (type png)
<use immagini/setOil.png>
Package pdftex.def Info: immagini/setOil.png  used on input line 108.
(pdftex.def)             Requested size: 390.0pt x 311.35147pt.
 [11 <c:/Users/giuse/Desktop/Progetto BI/Progetto/Relazione/immagini/setOil.png>]
<immagini/setFin.png, id=243, 546.54187pt x 439.6425pt>
File: immagini/setFin.png Graphic file (type png)
<use immagini/setFin.png>
Package pdftex.def Info: immagini/setFin.png  used on input line 117.
(pdftex.def)             Requested size: 390.0pt x 313.71811pt.
 [12 <c:/Users/giuse/Desktop/Progetto BI/Progetto/Relazione/immagini/setFin.png>]
<immagini/setBio.png, id=250, 546.54187pt x 443.40656pt>
File: immagini/setBio.png Graphic file (type png)
<use immagini/setBio.png>
Package pdftex.def Info: immagini/setBio.png  used on input line 126.
(pdftex.def)             Requested size: 390.0pt x 316.40405pt.
 [13 <c:/Users/giuse/Desktop/Progetto BI/Progetto/Relazione/immagini/setBio.png>]
<immagini/corrdaily.png, id=259, 663.98062pt x 523.20468pt>
File: immagini/corrdaily.png Graphic file (type png)
<use immagini/corrdaily.png>
Package pdftex.def Info: immagini/corrdaily.png  used on input line 136.
(pdftex.def)             Requested size: 390.0pt x 307.31493pt.
 [14 <c:/Users/giuse/Desktop/Progetto BI/Progetto/Relazione/immagini/corrdaily.png>]
<immagini/corr_mont.png, id=266, 663.98062pt x 523.20468pt>
File: immagini/corr_mont.png Graphic file (type png)
<use immagini/corr_mont.png>
Package pdftex.def Info: immagini/corr_mont.png  used on input line 145.
(pdftex.def)             Requested size: 390.0pt x 307.31493pt.
 [15 <c:/Users/giuse/Desktop/Progetto BI/Progetto/Relazione/immagini/corr_mont.png>]
<immagini/stats.png, id=273, 453.94594pt x 81.30376pt>
File: immagini/stats.png Graphic file (type png)
<use immagini/stats.png>
Package pdftex.def Info: immagini/stats.png  used on input line 154.
(pdftex.def)             Requested size: 350.99762pt x 62.86583pt.
<immagini/volMedia.png, id=274, 614.295pt x 416.30531pt>
File: immagini/volMedia.png Graphic file (type png)
<use immagini/volMedia.png>
Package pdftex.def Info: immagini/volMedia.png  used on input line 167.
(pdftex.def)             Requested size: 312.00119pt x 211.44263pt.
 [16 <c:/Users/giuse/Desktop/Progetto BI/Progetto/Relazione/immagini/stats.png> <c:/Users/giuse/Desktop/Progetto BI/Progetto/Relazione/immagini/volMedia.png>]
<immagini/boxplots.png, id=285, 665.48625pt x 524.71031pt>
File: immagini/boxplots.png Graphic file (type png)
<use immagini/boxplots.png>
Package pdftex.def Info: immagini/boxplots.png  used on input line 175.
(pdftex.def)             Requested size: 390.0pt x 307.50273pt.
 [17 <c:/Users/giuse/Desktop/Progetto BI/Progetto/Relazione/immagini/boxplots.png>] [18]
<immagini/qq.png, id=296, 631.60968pt x 444.91219pt>
File: immagini/qq.png Graphic file (type png)
<use immagini/qq.png>
Package pdftex.def Info: immagini/qq.png  used on input line 184.
(pdftex.def)             Requested size: 390.0pt x 274.72253pt.
 [19 <c:/Users/giuse/Desktop/Progetto BI/Progetto/Relazione/immagini/qq.png>]
<immagini/diag_ten.png, id=304, 665.48625pt x 524.71031pt>
File: immagini/diag_ten.png Graphic file (type png)
<use immagini/diag_ten.png>
Package pdftex.def Info: immagini/diag_ten.png  used on input line 195.
(pdftex.def)             Requested size: 390.0pt x 307.50273pt.
 [20 <c:/Users/giuse/Desktop/Progetto BI/Progetto/Relazione/immagini/diag_ten.png>]
<immagini/diag_eni.png, id=311, 665.48625pt x 524.71031pt>
File: immagini/diag_eni.png Graphic file (type png)
<use immagini/diag_eni.png>
Package pdftex.def Info: immagini/diag_eni.png  used on input line 204.
(pdftex.def)             Requested size: 390.0pt x 307.50273pt.
 [21 <c:/Users/giuse/Desktop/Progetto BI/Progetto/Relazione/immagini/diag_eni.png>]
<immagini/diag_exo.png, id=319, 665.48625pt x 524.71031pt>
File: immagini/diag_exo.png Graphic file (type png)
<use immagini/diag_exo.png>
Package pdftex.def Info: immagini/diag_exo.png  used on input line 213.
(pdftex.def)             Requested size: 390.0pt x 307.50273pt.
 [22 <c:/Users/giuse/Desktop/Progetto BI/Progetto/Relazione/immagini/diag_exo.png>]
<immagini/diag_azm.png, id=326, 665.48625pt x 524.71031pt>
File: immagini/diag_azm.png Graphic file (type png)
<use immagini/diag_azm.png>
Package pdftex.def Info: immagini/diag_azm.png  used on input line 222.
(pdftex.def)             Requested size: 390.0pt x 307.50273pt.
 [23 <c:/Users/giuse/Desktop/Progetto BI/Progetto/Relazione/immagini/diag_azm.png>]
<immagini/diag_rec.png, id=333, 665.48625pt x 524.71031pt>
File: immagini/diag_rec.png Graphic file (type png)
<use immagini/diag_rec.png>
Package pdftex.def Info: immagini/diag_rec.png  used on input line 231.
(pdftex.def)             Requested size: 390.0pt x 307.50273pt.
 [24 <c:/Users/giuse/Desktop/Progetto BI/Progetto/Relazione/immagini/diag_rec.png>]
<immagini/diag_dia.png, id=342, 665.48625pt x 524.71031pt>
File: immagini/diag_dia.png Graphic file (type png)
<use immagini/diag_dia.png>
Package pdftex.def Info: immagini/diag_dia.png  used on input line 240.
(pdftex.def)             Requested size: 390.0pt x 307.50273pt.
 [25 <c:/Users/giuse/Desktop/Progetto BI/Progetto/Relazione/immagini/diag_dia.png>]
<immagini/beta20182020.png, id=350, 419.31656pt x 37.64063pt>
File: immagini/beta20182020.png Graphic file (type png)
<use immagini/beta20182020.png>
Package pdftex.def Info: immagini/beta20182020.png  used on input line 251.
(pdftex.def)             Requested size: 350.99762pt x 31.50761pt.
<immagini/beta.png, id=351, 461.47406pt x 159.59625pt>
File: immagini/beta.png Graphic file (type png)
<use immagini/beta.png>
Package pdftex.def Info: immagini/beta.png  used on input line 258.
(pdftex.def)             Requested size: 390.0pt x 134.87816pt.
 [26 <c:/Users/giuse/Desktop/Progetto BI/Progetto/Relazione/immagini/beta20182020.png> <c:/Users/giuse/Desktop/Progetto BI/Progetto/Relazione/immagini/beta.png>]
<immagini/betaTenMIfinestratotale.png, id=360, 563.85657pt x 337.26pt>
File: immagini/betaTenMIfinestratotale.png Graphic file (type png)
<use immagini/betaTenMIfinestratotale.png>
Package pdftex.def Info: immagini/betaTenMIfinestratotale.png  used on input line 273.
(pdftex.def)             Requested size: 390.0pt x 233.27573pt.
 [27 <c:/Users/giuse/Desktop/Progetto BI/Progetto/Relazione/immagini/betaTenMIfinestratotale.png>] [28]
<immagini/WEBAPP.png, id=371, 669.2503pt x 715.92468pt>
File: immagini/WEBAPP.png Graphic file (type png)
<use immagini/WEBAPP.png>
Package pdftex.def Info: immagini/WEBAPP.png  used on input line 286.
(pdftex.def)             Requested size: 350.99762pt x 375.48373pt.
Package atveryend Info: Empty hook `BeforeClearDocument' on input line 290.
 [29 <c:/Users/giuse/Desktop/Progetto BI/Progetto/Relazione/immagini/WEBAPP.png>]
Package atveryend Info: Empty hook `AfterLastShipout' on input line 290.
 (c:/Users/giuse/Desktop/Progetto BI/Progetto/Relazione/Relazione.aux)
Package atveryend Info: Executing hook `AtVeryEndDocument' on input line 290.
Package atveryend Info: Executing hook `AtEndAfterFileList' on input line 290.
Package rerunfilecheck Info: File `Relazione.out' has not changed.
(rerunfilecheck)             Checksum: BB5E6C734B38096FCEC199646368982E;2104.
 ) 
Here is how much of TeX's memory you used:
 7468 strings out of 480471
 112217 string characters out of 5903300
 397711 words of memory out of 5000000
 23267 multiletter control sequences out of 15000+600000
 539315 words of font info for 48 fonts, out of 8000000 for 9000
 1141 hyphenation exceptions out of 8191
 37i,6n,29p,1684b,426s stack positions out of 5000i,500n,10000p,200000b,80000s
{c:/texlive/2020/texmf-dist/fonts/enc/dvips/cm-super/cm-super-ts1.enc}<c:/texlive/2020/texmf-dist/fonts/type1/public/amsfonts/cm/cmbx12.pfb><c:/texlive/2020/texmf-dist/fonts/type1/public/amsfonts/cm/cmmi12.pfb><c:/texlive/2020/texmf-dist/fonts/type1/public/amsfonts/cm/cmr12.pfb><c:/texlive/2020/texmf-dist/fonts/type1/public/amsfonts/cm/cmr17.pfb><c:/texlive/2020/texmf-dist/fonts/type1/public/amsfonts/cm/cmsy10.pfb><c:/texlive/2020/texmf-dist/fonts/type1/public/amsfonts/cm/cmti12.pfb><c:/texlive/2020/texmf-dist/fonts/type1/public/cm-super/sfrm1200.pfb>
Output written on "c:/Users/giuse/Desktop/Progetto BI/Progetto/Relazione/Relazione.pdf" (29 pages, 1782235 bytes).
PDF statistics:
 425 PDF objects out of 1000 (max. 8388607)
 326 compressed objects within 4 object streams
 88 named destinations out of 1000 (max. 500000)
 376 words of extra memory for PDF output out of 10000 (max. 10000000)

